<?xml version="1.0" encoding="UTF-8"?>
<testng-results ignored="0" total="2" passed="2" failed="0" skipped="0">
  <reporter-output>
  </reporter-output>
  <suite started-at="2022-07-25T22:09:53 IST" name="Default suite" finished-at="2022-07-25T22:12:23 IST" duration-ms="150165">
    <groups>
    </groups>
    <test started-at="2022-07-25T22:09:53 IST" name="Default test" finished-at="2022-07-25T22:12:23 IST" duration-ms="150165">
      <class name="Test.ValidationUsingDataProvider">
        <test-method is-config="true" signature="callBrowser()[pri:0, instance:Test.ValidationUsingDataProvider@f736069]" started-at="2022-07-25T22:09:53 IST" name="callBrowser" finished-at="2022-07-25T22:10:51 IST" duration-ms="58051" status="PASS">
          <reporter-output>
          </reporter-output>
        </test-method> <!-- callBrowser -->
        <test-method signature="validations(java.lang.String,java.lang.String)[pri:0, instance:Test.ValidationUsingDataProvider@f736069]" started-at="2022-07-25T22:10:51 IST" name="validations" data-provider="getData" finished-at="2022-07-25T22:11:19 IST" duration-ms="27801" status="PASS">
          <params>
            <param index="0">
              <value>
                <![CDATA[15000]]>
              </value>
            </param>
            <param index="1">
              <value>
                <![CDATA[₹8,806]]>
              </value>
            </param>
          </params>
          <reporter-output>
          </reporter-output>
        </test-method> <!-- validations -->
        <test-method is-config="true" signature="closeBrowser()[pri:0, instance:Test.ValidationUsingDataProvider@f736069]" started-at="2022-07-25T22:11:19 IST" name="closeBrowser" finished-at="2022-07-25T22:11:23 IST" duration-ms="3827" status="PASS">
          <reporter-output>
          </reporter-output>
        </test-method> <!-- closeBrowser -->
        <test-method is-config="true" signature="callBrowser()[pri:0, instance:Test.ValidationUsingDataProvider@f736069]" started-at="2022-07-25T22:11:23 IST" name="callBrowser" finished-at="2022-07-25T22:11:53 IST" duration-ms="30105" status="PASS">
          <reporter-output>
          </reporter-output>
        </test-method> <!-- callBrowser -->
        <test-method signature="validations(java.lang.String,java.lang.String)[pri:0, instance:Test.ValidationUsingDataProvider@f736069]" started-at="2022-07-25T22:11:53 IST" name="validations" data-provider="getData" finished-at="2022-07-25T22:12:21 IST" duration-ms="27763" status="PASS">
          <params>
            <param index="0">
              <value>
                <![CDATA[25000]]>
              </value>
            </param>
            <param index="1">
              <value>
                <![CDATA[₹14,677]]>
              </value>
            </param>
          </params>
          <reporter-output>
          </reporter-output>
        </test-method> <!-- validations -->
        <test-method is-config="true" signature="closeBrowser()[pri:0, instance:Test.ValidationUsingDataProvider@f736069]" started-at="2022-07-25T22:12:21 IST" name="closeBrowser" finished-at="2022-07-25T22:12:23 IST" duration-ms="2274" status="PASS">
          <reporter-output>
          </reporter-output>
        </test-method> <!-- closeBrowser -->
      </class> <!-- Test.ValidationUsingDataProvider -->
    </test> <!-- Default test -->
  </suite> <!-- Default suite -->
</testng-results>
